<?xml version="1.0" encoding="UTF-8"?>
<!-- Generated by org.testng.reporters.JUnitXMLReporter -->
<testsuite ignored="0" hostname="DESKTOP-PTDKR5H" failures="0" tests="6" name="TestA" time="0.098" errors="0" timestamp="2025-11-06T07:46:55 IST">
  <testcase classname="com.AutomationFramework.testCases.Test5" name="validateLoginWithMultipleUser" time="0.021"/>
  <testcase classname="com.AutomationFramework.testCases.Test5" name="validateLoginWithMultipleUser" time="0.002"/>
  <testcase classname="com.AutomationFramework.testCases.Test5" name="validateLoginWithMultipleUser" time="0.002"/>
  <testcase classname="com.AutomationFramework.testCases.Test5" name="validateLoginWithMultipleUser" time="0.002"/>
  <testcase classname="com.AutomationFramework.testCases.Test5" name="validateLoginWithMultipleUser" time="0.003"/>
  <testcase classname="com.AutomationFramework.testCases.Test5" name="validateLoginWithMultipleUser" time="0.001"/>
</testsuite> <!-- TestA -->
