<?xml version="1.0" encoding="UTF-8"?>
<!-- Generated by org.testng.reporters.JUnitXMLReporter -->
<testsuite ignored="1" hostname="DESKTOP-PTDKR5H" failures="0" tests="1" name="TestB" time="8.83" errors="0" timestamp="2025-11-08T08:44:00 IST">
  <testcase classname="com.AutomationFramework.testCases.LoginTest" name="loginInValidCredentails" time="0.022"/>
  <testcase classname="com.AutomationFramework.testCases.LoginTest" name="loginValidCredentails" time="0.0">
    <ignored/>
  </testcase> <!-- loginValidCredentails -->
</testsuite> <!-- TestB -->
