<?xml version="1.0" encoding="UTF-8"?>
<!-- Generated by org.testng.reporters.JUnitXMLReporter -->
<testsuite ignored="1" hostname="DESKTOP-PTDKR5H" failures="0" tests="1" name="TestA" time="13.682" errors="0" timestamp="2025-11-10T07:41:33 IST">
  <testcase classname="com.AutomationFramework.testCases.BasketTestCases" name="userAbleToRemoveTheProductSuccessfullyFromTheBasket" time="9.363"/>
  <testcase classname="com.AutomationFramework.testCases.BasketTestCases" name="verifyUserAbleToAddProductsIntoTheBasket" time="0.0">
    <ignored/>
  </testcase> <!-- verifyUserAbleToAddProductsIntoTheBasket -->
</testsuite> <!-- TestA -->
