<?xml version="1.0" encoding="UTF-8"?>
<!-- Generated by org.testng.reporters.JUnitXMLReporter -->
<testsuite ignored="0" hostname="DESKTOP-PTDKR5H" failures="0" tests="2" name="TestA" time="29.2" errors="0" timestamp="2025-11-11T07:52:34 IST">
  <testcase classname="com.AutomationFramework.testCases.BasketTestCases" name="verifyUserAbleToAddProductsIntoTheBasket" time="10.065"/>
  <testcase classname="com.AutomationFramework.testCases.BasketTestCases" name="userAbleToRemoveTheProductSuccessfullyFromTheBasket" time="9.664"/>
</testsuite> <!-- TestA -->
