<?xml version="1.0" encoding="UTF-8"?>
<!-- Generated by org.testng.reporters.JUnitXMLReporter -->
<testsuite ignored="0" hostname="DESKTOP-PTDKR5H" failures="1" tests="6" name="TestA" time="0.067" errors="0" timestamp="2025-11-03T07:54:22 IST">
  <testcase classname="com.AutomationFramework.testCases.Test3" name="login1" time="0.011"/>
  <testcase classname="com.AutomationFramework.testCases.Test3" name="login2" time="0.004">
    <skipped/>
  </testcase> <!-- login2 -->
  <testcase classname="com.AutomationFramework.testCases.Test3" name="login2" time="0.001">
    <skipped/>
  </testcase> <!-- login2 -->
  <testcase classname="com.AutomationFramework.testCases.Test3" name="login2" time="0.001">
    <skipped/>
  </testcase> <!-- login2 -->
  <testcase classname="com.AutomationFramework.testCases.Test3" name="login2" time="0.002">
    <skipped/>
  </testcase> <!-- login2 -->
  <testcase classname="com.AutomationFramework.testCases.Test3" name="login2" time="0.001">
    <failure type="java.lang.AssertionError" message="null">
      <![CDATA[java.lang.AssertionError: null
at com.AutomationFramework.testCases.Test3.login2(Test3.java:25)
at java.base/java.util.ArrayList.forEach(ArrayList.java:1597)
... Removed 31 stack frames]]>
    </failure>
  </testcase> <!-- login2 -->
</testsuite> <!-- TestA -->
