<?xml version="1.0" encoding="UTF-8"?>
<testng-results ignored="0" total="1" passed="1" failed="0" skipped="0">
  <reporter-output>
    <line>
      <![CDATA[This is my first test case in automation framework]]>
    </line>
  </reporter-output>
  <suite started-at="2025-10-30T08:30:29 IST" name="Suite" finished-at="2025-10-30T08:30:29 IST" duration-ms="45">
    <groups>
    </groups>
    <test started-at="2025-10-30T08:30:29 IST" name="Test" finished-at="2025-10-30T08:30:29 IST" duration-ms="45">
      <class name="com.AutomationFramework.testCases.Test1">
        <test-method signature="testA()[pri:0, instance:com.AutomationFramework.testCases.Test1@188715b5]" started-at="2025-10-30T08:30:29 IST" name="testA" finished-at="2025-10-30T08:30:29 IST" duration-ms="6" status="PASS">
          <reporter-output>
            <line>
              <![CDATA[This is my first test case in automation framework]]>
            </line>
          </reporter-output>
        </test-method> <!-- testA -->
      </class> <!-- com.AutomationFramework.testCases.Test1 -->
    </test> <!-- Test -->
  </suite> <!-- Suite -->
</testng-results>
