<?xml version="1.0" encoding="UTF-8"?>
<testng-results ignored="0" total="2" passed="2" failed="0" skipped="0">
  <reporter-output>
    <line>
      <![CDATA[<a href="file:///C:/Users/Admin/Desktop/Slenium/fb-inputbox.png" target="_blank">click here to see the sc</a>]]>
    </line>
    <line>
      <![CDATA[Test case passed]]>
    </line>
    <line>
      <![CDATA[<a href="file:///C:/Users/Admin/Desktop/Slenium/fb-inputbox.png" target="_blank">click here to see the sc</a>]]>
    </line>
    <line>
      <![CDATA[Test case passed]]>
    </line>
  </reporter-output>
  <suite started-at="2025-11-11T07:52:05 IST" name="Suite" finished-at="2025-11-11T07:52:34 IST" duration-ms="29200">
    <groups>
    </groups>
    <test started-at="2025-11-11T07:52:05 IST" name="TestA" finished-at="2025-11-11T07:52:34 IST" duration-ms="29200">
      <class name="com.AutomationFramework.testCases.BasketTestCases">
        <test-method is-config="true" signature="openBrowser(java.lang.String,java.lang.String)[pri:0, instance:com.AutomationFramework.testCases.BasketTestCases@6b0d80ed]" started-at="2025-11-11T07:52:05 IST" name="openBrowser" finished-at="2025-11-11T07:52:09 IST" duration-ms="4788" status="PASS">
          <params>
            <param index="0">
              <value>
                <![CDATA[chrome]]>
              </value>
            </param>
            <param index="1">
              <value>
                <![CDATA[https://practice.automationtesting.in/]]>
              </value>
            </param>
          </params>
          <reporter-output>
          </reporter-output>
        </test-method> <!-- openBrowser -->
        <test-method signature="verifyUserAbleToAddProductsIntoTheBasket()[pri:0, instance:com.AutomationFramework.testCases.BasketTestCases@6b0d80ed]" started-at="2025-11-11T07:52:09 IST" name="verifyUserAbleToAddProductsIntoTheBasket" finished-at="2025-11-11T07:52:20 IST" duration-ms="10065" status="PASS">
          <reporter-output>
            <line>
              <![CDATA[<a href="file:///C:/Users/Admin/Desktop/Slenium/fb-inputbox.png" target="_blank">click here to see the sc</a>]]>
            </line>
            <line>
              <![CDATA[Test case passed]]>
            </line>
          </reporter-output>
        </test-method> <!-- verifyUserAbleToAddProductsIntoTheBasket -->
        <test-method is-config="true" signature="closeBrowser()[pri:0, instance:com.AutomationFramework.testCases.BasketTestCases@6b0d80ed]" started-at="2025-11-11T07:52:20 IST" name="closeBrowser" finished-at="2025-11-11T07:52:20 IST" duration-ms="184" status="PASS">
          <reporter-output>
          </reporter-output>
        </test-method> <!-- closeBrowser -->
        <test-method is-config="true" signature="openBrowser(java.lang.String,java.lang.String)[pri:0, instance:com.AutomationFramework.testCases.BasketTestCases@6b0d80ed]" started-at="2025-11-11T07:52:20 IST" name="openBrowser" finished-at="2025-11-11T07:52:24 IST" duration-ms="4292" status="PASS">
          <params>
            <param index="0">
              <value>
                <![CDATA[chrome]]>
              </value>
            </param>
            <param index="1">
              <value>
                <![CDATA[https://practice.automationtesting.in/]]>
              </value>
            </param>
          </params>
          <reporter-output>
          </reporter-output>
        </test-method> <!-- openBrowser -->
        <test-method signature="userAbleToRemoveTheProductSuccessfullyFromTheBasket()[pri:0, instance:com.AutomationFramework.testCases.BasketTestCases@6b0d80ed]" started-at="2025-11-11T07:52:24 IST" name="userAbleToRemoveTheProductSuccessfullyFromTheBasket" finished-at="2025-11-11T07:52:34 IST" duration-ms="9664" status="PASS">
          <reporter-output>
            <line>
              <![CDATA[<a href="file:///C:/Users/Admin/Desktop/Slenium/fb-inputbox.png" target="_blank">click here to see the sc</a>]]>
            </line>
            <line>
              <![CDATA[Test case passed]]>
            </line>
          </reporter-output>
        </test-method> <!-- userAbleToRemoveTheProductSuccessfullyFromTheBasket -->
        <test-method is-config="true" signature="closeBrowser()[pri:0, instance:com.AutomationFramework.testCases.BasketTestCases@6b0d80ed]" started-at="2025-11-11T07:52:34 IST" name="closeBrowser" finished-at="2025-11-11T07:52:34 IST" duration-ms="161" status="PASS">
          <reporter-output>
          </reporter-output>
        </test-method> <!-- closeBrowser -->
      </class> <!-- com.AutomationFramework.testCases.BasketTestCases -->
    </test> <!-- TestA -->
  </suite> <!-- Suite -->
</testng-results>
