<?xml version="1.0" encoding="UTF-8"?>
<testng-results ignored="0" total="1" passed="1" failed="0" skipped="0">
  <reporter-output>
    <line>
      <![CDATA[<a href="file:///C:/Users/Admin/Desktop/Slenium/fb-inputbox.png" target="_blank">click here to see the sc</a>]]>
    </line>
    <line>
      <![CDATA[Test case passed]]>
    </line>
  </reporter-output>
  <suite started-at="2025-11-09T09:05:01 IST" name="Suite" finished-at="2025-11-09T09:05:12 IST" duration-ms="11186">
    <groups>
    </groups>
    <test started-at="2025-11-09T09:05:01 IST" name="TestA" finished-at="2025-11-09T09:05:12 IST" duration-ms="11186">
      <class name="com.AutomationFramework.testCases.BasketTestCases">
        <test-method is-config="true" signature="openBrowser(java.lang.String,java.lang.String)[pri:0, instance:com.AutomationFramework.testCases.BasketTestCases@57c03d88]" started-at="2025-11-09T09:05:01 IST" name="openBrowser" finished-at="2025-11-09T09:05:05 IST" duration-ms="3954" status="PASS">
          <params>
            <param index="0">
              <value>
                <![CDATA[chrome]]>
              </value>
            </param>
            <param index="1">
              <value>
                <![CDATA[https://practice.automationtesting.in/]]>
              </value>
            </param>
          </params>
          <reporter-output>
          </reporter-output>
        </test-method> <!-- openBrowser -->
        <test-method signature="verifyUserAbleToAddProductsIntoTheBasket()[pri:0, instance:com.AutomationFramework.testCases.BasketTestCases@57c03d88]" started-at="2025-11-09T09:05:05 IST" name="verifyUserAbleToAddProductsIntoTheBasket" finished-at="2025-11-09T09:05:12 IST" duration-ms="7015" status="PASS">
          <reporter-output>
            <line>
              <![CDATA[<a href="file:///C:/Users/Admin/Desktop/Slenium/fb-inputbox.png" target="_blank">click here to see the sc</a>]]>
            </line>
            <line>
              <![CDATA[Test case passed]]>
            </line>
          </reporter-output>
        </test-method> <!-- verifyUserAbleToAddProductsIntoTheBasket -->
        <test-method is-config="true" signature="closeBrowser()[pri:0, instance:com.AutomationFramework.testCases.BasketTestCases@57c03d88]" started-at="2025-11-09T09:05:12 IST" name="closeBrowser" finished-at="2025-11-09T09:05:12 IST" duration-ms="172" status="PASS">
          <reporter-output>
          </reporter-output>
        </test-method> <!-- closeBrowser -->
      </class> <!-- com.AutomationFramework.testCases.BasketTestCases -->
    </test> <!-- TestA -->
  </suite> <!-- Suite -->
</testng-results>
