<?xml version="1.0" encoding="UTF-8"?>
<testng-results ignored="0" total="1" passed="1" failed="0" skipped="0">
  <reporter-output>
    <line>
      <![CDATA[This is my first test case in automation framework]]>
    </line>
    <line>
      <![CDATA[<a href='file:///C:/Users/Admin/Desktop/Slenium/fb-inputbox.png'><img src='file:///C:/Users/Admin/Desktop/Slenium/fb-inputbox.png' height=100 width=100> </a>]]>
    </line>
    <line>
      <![CDATA[Test case passed]]>
    </line>
  </reporter-output>
  <suite started-at="2025-10-31T07:54:49 IST" name="Suite" finished-at="2025-10-31T07:54:49 IST" duration-ms="64">
    <groups>
    </groups>
    <test started-at="2025-10-31T07:54:49 IST" name="TestA" finished-at="2025-10-31T07:54:49 IST" duration-ms="64">
      <class name="com.AutomationFramework.testCases.Test1">
        <test-method signature="testA()[pri:0, instance:com.AutomationFramework.testCases.Test1@2a65fe7c]" started-at="2025-10-31T07:54:49 IST" name="testA" finished-at="2025-10-31T07:54:49 IST" duration-ms="11" status="PASS">
          <reporter-output>
            <line>
              <![CDATA[This is my first test case in automation framework]]>
            </line>
            <line>
              <![CDATA[<a href='file:///C:/Users/Admin/Desktop/Slenium/fb-inputbox.png'><img src='file:///C:/Users/Admin/Desktop/Slenium/fb-inputbox.png' height=100 width=100> </a>]]>
            </line>
            <line>
              <![CDATA[Test case passed]]>
            </line>
          </reporter-output>
        </test-method> <!-- testA -->
      </class> <!-- com.AutomationFramework.testCases.Test1 -->
    </test> <!-- TestA -->
  </suite> <!-- Suite -->
</testng-results>
