<?xml version="1.0" encoding="UTF-8"?>
<testng-results ignored="0" total="1" passed="1" failed="0" skipped="0">
  <reporter-output>
    <line>
      <![CDATA[<a href="file:///C:/Users/Admin/Desktop/Slenium/fb-inputbox.png" target="_blank">click here to see the sc</a>]]>
    </line>
    <line>
      <![CDATA[Test case passed]]>
    </line>
  </reporter-output>
  <suite started-at="2025-11-10T07:41:19 IST" name="Suite" finished-at="2025-11-10T07:41:33 IST" duration-ms="13682">
    <groups>
    </groups>
    <test started-at="2025-11-10T07:41:19 IST" name="TestA" finished-at="2025-11-10T07:41:33 IST" duration-ms="13682">
      <class name="com.AutomationFramework.testCases.BasketTestCases">
        <test-method is-config="true" signature="openBrowser(java.lang.String,java.lang.String)[pri:0, instance:com.AutomationFramework.testCases.BasketTestCases@16aa8654]" started-at="2025-11-10T07:41:19 IST" name="openBrowser" finished-at="2025-11-10T07:41:23 IST" duration-ms="4102" status="PASS">
          <params>
            <param index="0">
              <value>
                <![CDATA[chrome]]>
              </value>
            </param>
            <param index="1">
              <value>
                <![CDATA[https://practice.automationtesting.in/]]>
              </value>
            </param>
          </params>
          <reporter-output>
          </reporter-output>
        </test-method> <!-- openBrowser -->
        <test-method signature="userAbleToRemoveTheProductSuccessfullyFromTheBasket()[pri:0, instance:com.AutomationFramework.testCases.BasketTestCases@16aa8654]" started-at="2025-11-10T07:41:23 IST" name="userAbleToRemoveTheProductSuccessfullyFromTheBasket" finished-at="2025-11-10T07:41:33 IST" duration-ms="9363" status="PASS">
          <reporter-output>
            <line>
              <![CDATA[<a href="file:///C:/Users/Admin/Desktop/Slenium/fb-inputbox.png" target="_blank">click here to see the sc</a>]]>
            </line>
            <line>
              <![CDATA[Test case passed]]>
            </line>
          </reporter-output>
        </test-method> <!-- userAbleToRemoveTheProductSuccessfullyFromTheBasket -->
        <test-method is-config="true" signature="closeBrowser()[pri:0, instance:com.AutomationFramework.testCases.BasketTestCases@16aa8654]" started-at="2025-11-10T07:41:33 IST" name="closeBrowser" finished-at="2025-11-10T07:41:33 IST" duration-ms="168" status="PASS">
          <reporter-output>
          </reporter-output>
        </test-method> <!-- closeBrowser -->
      </class> <!-- com.AutomationFramework.testCases.BasketTestCases -->
    </test> <!-- TestA -->
  </suite> <!-- Suite -->
</testng-results>
