<?xml version="1.0" encoding="UTF-8"?>
<testng-results ignored="0" total="6" passed="6" failed="0" skipped="0">
  <reporter-output>
    <line>
      <![CDATA[<a href="file:///C:/Users/Admin/Desktop/Slenium/fb-inputbox.png" target="_blank">click here to see the sc</a>]]>
    </line>
    <line>
      <![CDATA[Test case passed]]>
    </line>
    <line>
      <![CDATA[<a href="file:///C:/Users/Admin/Desktop/Slenium/fb-inputbox.png" target="_blank">click here to see the sc</a>]]>
    </line>
    <line>
      <![CDATA[Test case passed]]>
    </line>
    <line>
      <![CDATA[<a href="file:///C:/Users/Admin/Desktop/Slenium/fb-inputbox.png" target="_blank">click here to see the sc</a>]]>
    </line>
    <line>
      <![CDATA[Test case passed]]>
    </line>
    <line>
      <![CDATA[<a href="file:///C:/Users/Admin/Desktop/Slenium/fb-inputbox.png" target="_blank">click here to see the sc</a>]]>
    </line>
    <line>
      <![CDATA[Test case passed]]>
    </line>
    <line>
      <![CDATA[<a href="file:///C:/Users/Admin/Desktop/Slenium/fb-inputbox.png" target="_blank">click here to see the sc</a>]]>
    </line>
    <line>
      <![CDATA[Test case passed]]>
    </line>
    <line>
      <![CDATA[<a href="file:///C:/Users/Admin/Desktop/Slenium/fb-inputbox.png" target="_blank">click here to see the sc</a>]]>
    </line>
    <line>
      <![CDATA[Test case passed]]>
    </line>
  </reporter-output>
  <suite started-at="2025-11-06T07:46:55 IST" name="Suite" finished-at="2025-11-06T07:46:55 IST" duration-ms="98">
    <groups>
    </groups>
    <test started-at="2025-11-06T07:46:55 IST" name="TestA" finished-at="2025-11-06T07:46:55 IST" duration-ms="98">
      <class name="com.AutomationFramework.testCases.Test5">
        <test-method signature="validateLoginWithMultipleUser(java.lang.String,java.lang.String)[pri:0, instance:com.AutomationFramework.testCases.Test5@658c5a19]" started-at="2025-11-06T07:46:55 IST" name="validateLoginWithMultipleUser" data-provider="userCredentials" finished-at="2025-11-06T07:46:55 IST" duration-ms="21" status="PASS">
          <params>
            <param index="0">
              <value>
                <![CDATA[user1]]>
              </value>
            </param>
            <param index="1">
              <value>
                <![CDATA[pwd1]]>
              </value>
            </param>
          </params>
          <reporter-output>
            <line>
              <![CDATA[<a href="file:///C:/Users/Admin/Desktop/Slenium/fb-inputbox.png" target="_blank">click here to see the sc</a>]]>
            </line>
            <line>
              <![CDATA[Test case passed]]>
            </line>
          </reporter-output>
        </test-method> <!-- validateLoginWithMultipleUser -->
        <test-method signature="validateLoginWithMultipleUser(java.lang.String,java.lang.String)[pri:0, instance:com.AutomationFramework.testCases.Test5@658c5a19]" started-at="2025-11-06T07:46:55 IST" name="validateLoginWithMultipleUser" data-provider="userCredentials" finished-at="2025-11-06T07:46:55 IST" duration-ms="2" status="PASS">
          <params>
            <param index="0">
              <value>
                <![CDATA[user2]]>
              </value>
            </param>
            <param index="1">
              <value>
                <![CDATA[pwd2]]>
              </value>
            </param>
          </params>
          <reporter-output>
            <line>
              <![CDATA[<a href="file:///C:/Users/Admin/Desktop/Slenium/fb-inputbox.png" target="_blank">click here to see the sc</a>]]>
            </line>
            <line>
              <![CDATA[Test case passed]]>
            </line>
          </reporter-output>
        </test-method> <!-- validateLoginWithMultipleUser -->
        <test-method signature="validateLoginWithMultipleUser(java.lang.String,java.lang.String)[pri:0, instance:com.AutomationFramework.testCases.Test5@658c5a19]" started-at="2025-11-06T07:46:55 IST" name="validateLoginWithMultipleUser" data-provider="userCredentials" finished-at="2025-11-06T07:46:55 IST" duration-ms="2" status="PASS">
          <params>
            <param index="0">
              <value>
                <![CDATA[user3]]>
              </value>
            </param>
            <param index="1">
              <value>
                <![CDATA[pwd3]]>
              </value>
            </param>
          </params>
          <reporter-output>
            <line>
              <![CDATA[<a href="file:///C:/Users/Admin/Desktop/Slenium/fb-inputbox.png" target="_blank">click here to see the sc</a>]]>
            </line>
            <line>
              <![CDATA[Test case passed]]>
            </line>
          </reporter-output>
        </test-method> <!-- validateLoginWithMultipleUser -->
        <test-method signature="validateLoginWithMultipleUser(java.lang.String,java.lang.String)[pri:0, instance:com.AutomationFramework.testCases.Test5@658c5a19]" started-at="2025-11-06T07:46:55 IST" name="validateLoginWithMultipleUser" data-provider="userCredentials" finished-at="2025-11-06T07:46:55 IST" duration-ms="2" status="PASS">
          <params>
            <param index="0">
              <value>
                <![CDATA[user4]]>
              </value>
            </param>
            <param index="1">
              <value>
                <![CDATA[pwd4]]>
              </value>
            </param>
          </params>
          <reporter-output>
            <line>
              <![CDATA[<a href="file:///C:/Users/Admin/Desktop/Slenium/fb-inputbox.png" target="_blank">click here to see the sc</a>]]>
            </line>
            <line>
              <![CDATA[Test case passed]]>
            </line>
          </reporter-output>
        </test-method> <!-- validateLoginWithMultipleUser -->
        <test-method signature="validateLoginWithMultipleUser(java.lang.String,java.lang.String)[pri:0, instance:com.AutomationFramework.testCases.Test5@658c5a19]" started-at="2025-11-06T07:46:55 IST" name="validateLoginWithMultipleUser" data-provider="userCredentials" finished-at="2025-11-06T07:46:55 IST" duration-ms="3" status="PASS">
          <params>
            <param index="0">
              <value>
                <![CDATA[user5]]>
              </value>
            </param>
            <param index="1">
              <value>
                <![CDATA[pwd5]]>
              </value>
            </param>
          </params>
          <reporter-output>
            <line>
              <![CDATA[<a href="file:///C:/Users/Admin/Desktop/Slenium/fb-inputbox.png" target="_blank">click here to see the sc</a>]]>
            </line>
            <line>
              <![CDATA[Test case passed]]>
            </line>
          </reporter-output>
        </test-method> <!-- validateLoginWithMultipleUser -->
        <test-method signature="validateLoginWithMultipleUser(java.lang.String,java.lang.String)[pri:0, instance:com.AutomationFramework.testCases.Test5@658c5a19]" started-at="2025-11-06T07:46:55 IST" name="validateLoginWithMultipleUser" data-provider="userCredentials" finished-at="2025-11-06T07:46:55 IST" duration-ms="1" status="PASS">
          <params>
            <param index="0">
              <value>
                <![CDATA[user6]]>
              </value>
            </param>
            <param index="1">
              <value>
                <![CDATA[pwd6]]>
              </value>
            </param>
          </params>
          <reporter-output>
            <line>
              <![CDATA[<a href="file:///C:/Users/Admin/Desktop/Slenium/fb-inputbox.png" target="_blank">click here to see the sc</a>]]>
            </line>
            <line>
              <![CDATA[Test case passed]]>
            </line>
          </reporter-output>
        </test-method> <!-- validateLoginWithMultipleUser -->
      </class> <!-- com.AutomationFramework.testCases.Test5 -->
    </test> <!-- TestA -->
  </suite> <!-- Suite -->
</testng-results>
