<?xml version="1.0" encoding="UTF-8"?>
<testng-results ignored="0" total="2" passed="1" failed="1" skipped="0">
  <reporter-output>
  </reporter-output>
  <suite started-at="2025-11-01T08:57:49 IST" name="Default suite" finished-at="2025-11-01T08:57:50 IST" duration-ms="684">
    <groups>
    </groups>
    <test started-at="2025-11-01T08:57:49 IST" name="Default test" finished-at="2025-11-01T08:57:50 IST" duration-ms="684">
      <class name="com.AutomationFramework.testCases.Test2">
        <test-method is-config="true" signature="setReport()[pri:0, instance:com.AutomationFramework.testCases.Test2@385c9627]" started-at="2025-11-01T08:57:49 IST" name="setReport" finished-at="2025-11-01T08:57:50 IST" duration-ms="261" status="PASS">
          <reporter-output>
          </reporter-output>
        </test-method> <!-- setReport -->
        <test-method signature="login1()[pri:0, instance:com.AutomationFramework.testCases.Test2@385c9627]" started-at="2025-11-01T08:57:50 IST" name="login1" finished-at="2025-11-01T08:57:50 IST" duration-ms="15" status="PASS">
          <reporter-output>
          </reporter-output>
        </test-method> <!-- login1 -->
        <test-method is-config="true" signature="updateResults(org.testng.ITestResult)[pri:0, instance:com.AutomationFramework.testCases.Test2@385c9627]" started-at="2025-11-01T08:57:50 IST" name="updateResults" finished-at="2025-11-01T08:57:50 IST" duration-ms="4" status="PASS">
          <params>
            <param index="0">
              <value>
                <![CDATA[[TestResult name=login1 status=SUCCESS method=Test2.login1()[pri:0, instance:com.AutomationFramework.testCases.Test2@385c9627] output={null}]]]>
              </value>
            </param>
          </params>
          <reporter-output>
          </reporter-output>
        </test-method> <!-- updateResults -->
        <test-method signature="login2()[pri:0, instance:com.AutomationFramework.testCases.Test2@385c9627]" started-at="2025-11-01T08:57:50 IST" name="login2" finished-at="2025-11-01T08:57:50 IST" duration-ms="6" status="FAIL">
          <exception class="java.lang.AssertionError">
            <message>
              <![CDATA[null]]>
            </message>
            <full-stacktrace>
              <![CDATA[java.lang.AssertionError: null
at org.testng.Assert.fail(Assert.java:111)
at org.testng.Assert.fail(Assert.java:116)
at com.AutomationFramework.testCases.Test2.login2(Test2.java:67)
at java.base/jdk.internal.reflect.DirectMethodHandleAccessor.invoke(DirectMethodHandleAccessor.java:103)
at java.base/java.lang.reflect.Method.invoke(Method.java:580)
at org.testng.internal.invokers.MethodInvocationHelper.invokeMethod(MethodInvocationHelper.java:141)
at org.testng.internal.invokers.TestInvoker.invokeMethod(TestInvoker.java:686)
at org.testng.internal.invokers.TestInvoker.invokeTestMethod(TestInvoker.java:230)
at org.testng.internal.invokers.MethodRunner.runInSequence(MethodRunner.java:63)
at org.testng.internal.invokers.TestInvoker$MethodInvocationAgent.invoke(TestInvoker.java:992)
at org.testng.internal.invokers.TestInvoker.invokeTestMethods(TestInvoker.java:203)
at org.testng.internal.invokers.TestMethodWorker.invokeTestMethods(TestMethodWorker.java:154)
at org.testng.internal.invokers.TestMethodWorker.run(TestMethodWorker.java:134)
at java.base/java.util.ArrayList.forEach(ArrayList.java:1597)
at org.testng.TestRunner.privateRun(TestRunner.java:739)
at org.testng.TestRunner.run(TestRunner.java:614)
at org.testng.SuiteRunner.runTest(SuiteRunner.java:421)
at org.testng.SuiteRunner.runSequentially(SuiteRunner.java:413)
at org.testng.SuiteRunner.privateRun(SuiteRunner.java:373)
at org.testng.SuiteRunner.run(SuiteRunner.java:312)
at org.testng.SuiteRunnerWorker.runSuite(SuiteRunnerWorker.java:52)
at org.testng.SuiteRunnerWorker.run(SuiteRunnerWorker.java:95)
at org.testng.TestNG.runSuitesSequentially(TestNG.java:1274)
at org.testng.TestNG.runSuitesLocally(TestNG.java:1208)
at org.testng.TestNG.runSuites(TestNG.java:1112)
at org.testng.TestNG.run(TestNG.java:1079)
at org.testng.remote.AbstractRemoteTestNG.run(AbstractRemoteTestNG.java:115)
at org.testng.remote.RemoteTestNG.initAndRun(RemoteTestNG.java:293)
at org.testng.remote.RemoteTestNG.main(RemoteTestNG.java:91)
]]>
            </full-stacktrace>
          </exception> <!-- java.lang.AssertionError -->
          <reporter-output>
          </reporter-output>
        </test-method> <!-- login2 -->
        <test-method is-config="true" signature="updateResults(org.testng.ITestResult)[pri:0, instance:com.AutomationFramework.testCases.Test2@385c9627]" started-at="2025-11-01T08:57:50 IST" name="updateResults" finished-at="2025-11-01T08:57:50 IST" duration-ms="1" status="PASS">
          <params>
            <param index="0">
              <value>
                <![CDATA[[TestResult name=login2 status=FAILURE method=Test2.login2()[pri:0, instance:com.AutomationFramework.testCases.Test2@385c9627] output={null}]]]>
              </value>
            </param>
          </params>
          <reporter-output>
          </reporter-output>
        </test-method> <!-- updateResults -->
        <test-method is-config="true" signature="endReport()[pri:0, instance:com.AutomationFramework.testCases.Test2@385c9627]" started-at="2025-11-01T08:57:50 IST" name="endReport" finished-at="2025-11-01T08:57:50 IST" duration-ms="356" status="PASS">
          <reporter-output>
          </reporter-output>
        </test-method> <!-- endReport -->
      </class> <!-- com.AutomationFramework.testCases.Test2 -->
    </test> <!-- Default test -->
  </suite> <!-- Default suite -->
</testng-results>
