<?xml version="1.0" encoding="UTF-8"?>
<!-- Generated by org.testng.reporters.JUnitReportReporter -->
<testsuite hostname="DESKTOP-PTDKR5H" failures="0" tests="6" name="com.AutomationFramework.testCases.Test5" time="0.031" errors="0" timestamp="2025-11-06T07:46:56 IST" skipped="0">
  <testcase classname="com.AutomationFramework.testCases.Test5" name="validateLoginWithMultipleUser" time="0.003">
    <system-out>
      <![CDATA[<a href="file:///C:/Users/Admin/Desktop/Slenium/fb-inputbox.png" target="_blank">click here to see the sc</a>
Test case passed]]>
    </system-out>
  </testcase> <!-- validateLoginWithMultipleUser -->
  <testcase classname="com.AutomationFramework.testCases.Test5" name="validateLoginWithMultipleUser" time="0.002">
    <system-out>
      <![CDATA[<a href="file:///C:/Users/Admin/Desktop/Slenium/fb-inputbox.png" target="_blank">click here to see the sc</a>
Test case passed]]>
    </system-out>
  </testcase> <!-- validateLoginWithMultipleUser -->
  <testcase classname="com.AutomationFramework.testCases.Test5" name="validateLoginWithMultipleUser" time="0.002">
    <system-out>
      <![CDATA[<a href="file:///C:/Users/Admin/Desktop/Slenium/fb-inputbox.png" target="_blank">click here to see the sc</a>
Test case passed]]>
    </system-out>
  </testcase> <!-- validateLoginWithMultipleUser -->
  <testcase classname="com.AutomationFramework.testCases.Test5" name="validateLoginWithMultipleUser" time="0.001">
    <system-out>
      <![CDATA[<a href="file:///C:/Users/Admin/Desktop/Slenium/fb-inputbox.png" target="_blank">click here to see the sc</a>
Test case passed]]>
    </system-out>
  </testcase> <!-- validateLoginWithMultipleUser -->
  <testcase classname="com.AutomationFramework.testCases.Test5" name="validateLoginWithMultipleUser" time="0.002">
    <system-out>
      <![CDATA[<a href="file:///C:/Users/Admin/Desktop/Slenium/fb-inputbox.png" target="_blank">click here to see the sc</a>
Test case passed]]>
    </system-out>
  </testcase> <!-- validateLoginWithMultipleUser -->
  <testcase classname="com.AutomationFramework.testCases.Test5" name="validateLoginWithMultipleUser" time="0.021">
    <system-out>
      <![CDATA[<a href="file:///C:/Users/Admin/Desktop/Slenium/fb-inputbox.png" target="_blank">click here to see the sc</a>
Test case passed]]>
    </system-out>
  </testcase> <!-- validateLoginWithMultipleUser -->
  <system-out>
    <![CDATA[<a href="file:///C:/Users/Admin/Desktop/Slenium/fb-inputbox.png" target="_blank">click here to see the sc</a>
Test case passed
<a href="file:///C:/Users/Admin/Desktop/Slenium/fb-inputbox.png" target="_blank">click here to see the sc</a>
Test case passed
<a href="file:///C:/Users/Admin/Desktop/Slenium/fb-inputbox.png" target="_blank">click here to see the sc</a>
Test case passed
<a href="file:///C:/Users/Admin/Desktop/Slenium/fb-inputbox.png" target="_blank">click here to see the sc</a>
Test case passed
<a href="file:///C:/Users/Admin/Desktop/Slenium/fb-inputbox.png" target="_blank">click here to see the sc</a>
Test case passed
<a href="file:///C:/Users/Admin/Desktop/Slenium/fb-inputbox.png" target="_blank">click here to see the sc</a>
Test case passed]]>
  </system-out>
</testsuite> <!-- com.AutomationFramework.testCases.Test5 -->
