<?xml version="1.0" encoding="UTF-8"?>
<!-- Generated by org.testng.reporters.JUnitReportReporter -->
<testsuite hostname="DESKTOP-PTDKR5H" failures="0" tests="1" name="com.AutomationFramework.testCases.Test1" time="0.011" errors="0" timestamp="2025-10-31T07:54:49 IST" skipped="0">
  <testcase classname="com.AutomationFramework.testCases.Test1" name="testA" time="0.011">
    <system-out>
      <![CDATA[This is my first test case in automation framework
<a href='file:///C:/Users/Admin/Desktop/Slenium/fb-inputbox.png'><img src='file:///C:/Users/Admin/Desktop/Slenium/fb-inputbox.png' height=100 width=100> </a>
Test case passed]]>
    </system-out>
  </testcase> <!-- testA -->
  <system-out>
    <![CDATA[This is my first test case in automation framework
<a href='file:///C:/Users/Admin/Desktop/Slenium/fb-inputbox.png'><img src='file:///C:/Users/Admin/Desktop/Slenium/fb-inputbox.png' height=100 width=100> </a>
Test case passed]]>
  </system-out>
</testsuite> <!-- com.AutomationFramework.testCases.Test1 -->
