<?xml version="1.0" encoding="UTF-8"?>
<!-- Generated by org.testng.reporters.JUnitReportReporter -->
<testsuite hostname="DESKTOP-PTDKR5H" failures="0" tests="1" name="com.AutomationFramework.testCases.BasketTestCases" time="11.141" errors="0" timestamp="2025-11-09T09:05:13 IST" skipped="0">
  <testcase classname="com.AutomationFramework.testCases.BasketTestCases" name="verifyUserAbleToAddProductsIntoTheBasket" time="11.141">
    <system-out>
      <![CDATA[<a href="file:///C:/Users/Admin/Desktop/Slenium/fb-inputbox.png" target="_blank">click here to see the sc</a>
Test case passed]]>
    </system-out>
  </testcase> <!-- verifyUserAbleToAddProductsIntoTheBasket -->
  <system-out>
    <![CDATA[<a href="file:///C:/Users/Admin/Desktop/Slenium/fb-inputbox.png" target="_blank">click here to see the sc</a>
Test case passed]]>
  </system-out>
</testsuite> <!-- com.AutomationFramework.testCases.BasketTestCases -->
