<?xml version="1.0" encoding="UTF-8"?>
<!-- Generated by org.testng.reporters.JUnitReportReporter -->
<testsuite hostname="DESKTOP-PTDKR5H" failures="0" tests="1" name="com.AutomationFramework.testCases.BasketTestCases" time="13.633" errors="0" timestamp="2025-11-10T07:41:33 IST" skipped="0">
  <testcase classname="com.AutomationFramework.testCases.BasketTestCases" name="userAbleToRemoveTheProductSuccessfullyFromTheBasket" time="13.633">
    <system-out>
      <![CDATA[<a href="file:///C:/Users/Admin/Desktop/Slenium/fb-inputbox.png" target="_blank">click here to see the sc</a>
Test case passed]]>
    </system-out>
  </testcase> <!-- userAbleToRemoveTheProductSuccessfullyFromTheBasket -->
  <system-out>
    <![CDATA[<a href="file:///C:/Users/Admin/Desktop/Slenium/fb-inputbox.png" target="_blank">click here to see the sc</a>
Test case passed]]>
  </system-out>
</testsuite> <!-- com.AutomationFramework.testCases.BasketTestCases -->
