<?xml version="1.0" encoding="UTF-8"?>
<!-- Generated by org.testng.reporters.JUnitReportReporter -->
<testsuite hostname="DESKTOP-PTDKR5H" failures="0" tests="1" name="com.AutomationFramework.testCases.Test4" time="1.021" errors="0" timestamp="2025-11-06T07:23:17 IST" skipped="0">
  <testcase classname="com.AutomationFramework.testCases.Test4" name="validateLoginWithMultipleUsers" time="1.021">
    <system-out>
      <![CDATA[<a href="file:///C:/Users/Admin/Desktop/Slenium/fb-inputbox.png" target="_blank">click here to see the sc</a>
Test case passed]]>
    </system-out>
  </testcase> <!-- validateLoginWithMultipleUsers -->
  <system-out>
    <![CDATA[<a href="file:///C:/Users/Admin/Desktop/Slenium/fb-inputbox.png" target="_blank">click here to see the sc</a>
Test case passed]]>
  </system-out>
</testsuite> <!-- com.AutomationFramework.testCases.Test4 -->
