<?xml version="1.0" encoding="UTF-8"?>
<!-- Generated by org.testng.reporters.JUnitReportReporter -->
<testsuite hostname="DESKTOP-PTDKR5H" failures="0" tests="1" name="com.AutomationFramework.testCases.Test1" time="0.006" errors="0" timestamp="2025-10-30T08:30:29 IST" skipped="0">
  <testcase classname="com.AutomationFramework.testCases.Test1" name="testA" time="0.006">
    <system-out>
      <![CDATA[This is my first test case in automation framework]]>
    </system-out>
  </testcase> <!-- testA -->
  <system-out>
    <![CDATA[This is my first test case in automation framework]]>
  </system-out>
</testsuite> <!-- com.AutomationFramework.testCases.Test1 -->
