<?xml version="1.0" encoding="UTF-8"?>
<!-- Generated by org.testng.reporters.JUnitReportReporter -->
<testsuite hostname="DESKTOP-PTDKR5H" failures="0" tests="2" name="com.AutomationFramework.testCases.BasketTestCases" time="29.154" errors="0" timestamp="2025-11-11T07:52:34 IST" skipped="0">
  <testcase classname="com.AutomationFramework.testCases.BasketTestCases" name="userAbleToRemoveTheProductSuccessfullyFromTheBasket" time="14.613">
    <system-out>
      <![CDATA[<a href="file:///C:/Users/Admin/Desktop/Slenium/fb-inputbox.png" target="_blank">click here to see the sc</a>
Test case passed]]>
    </system-out>
  </testcase> <!-- userAbleToRemoveTheProductSuccessfullyFromTheBasket -->
  <testcase classname="com.AutomationFramework.testCases.BasketTestCases" name="verifyUserAbleToAddProductsIntoTheBasket" time="14.541">
    <system-out>
      <![CDATA[<a href="file:///C:/Users/Admin/Desktop/Slenium/fb-inputbox.png" target="_blank">click here to see the sc</a>
Test case passed]]>
    </system-out>
  </testcase> <!-- verifyUserAbleToAddProductsIntoTheBasket -->
  <system-out>
    <![CDATA[<a href="file:///C:/Users/Admin/Desktop/Slenium/fb-inputbox.png" target="_blank">click here to see the sc</a>
Test case passed
<a href="file:///C:/Users/Admin/Desktop/Slenium/fb-inputbox.png" target="_blank">click here to see the sc</a>
Test case passed]]>
  </system-out>
</testsuite> <!-- com.AutomationFramework.testCases.BasketTestCases -->
